APP/app/build/intermediates/manifest_merge_blame_file/release/manifest-merger-blame-release-report.txt
1<?xml version="1.0" encoding="utf-8"?>
2<manifest xmlns:android="http://schemas.android.com/apk/res/android"
3    package="cn.elijah.biblehelper"
4    android:versionCode="1"
5    android:versionName="2.0500" >
6
7    <uses-sdk
7-->src\main\AndroidManifest.xml:7:5-44
8        android:minSdkVersion="19"
8-->src\main\AndroidManifest.xml:7:15-41
9        android:targetSdkVersion="31" />
9-->src\main\AndroidManifest.xml:7:5-44
10
11    <uses-permission android:name="android.permission.INTERNET" />
11-->src\main\AndroidManifest.xml:8:5-66
11-->src\main\AndroidManifest.xml:8:22-64
12    <uses-permission android:name="android.permission.WRITE_EXTERNAL_STORAGE" />
12-->src\main\AndroidManifest.xml:9:5-97
12-->src\main\AndroidManifest.xml:9:22-78
13    <uses-permission android:name="android.permission.MOUNT_FORMAT_FILESYSTEMS" />
13-->src\main\AndroidManifest.xml:10:5-99
13-->src\main\AndroidManifest.xml:10:22-80
14    <uses-permission android:name="android.permission.CHANGE_CONFIGURATION" />
14-->src\main\AndroidManifest.xml:11:5-95
14-->src\main\AndroidManifest.xml:11:22-76
15    <uses-permission android:name="android.permission.ACCESS_NETWORK_STATE" />
15-->src\main\AndroidManifest.xml:12:6-96
15-->src\main\AndroidManifest.xml:12:23-77
16    <uses-permission android:name="android.permission.READ_PHONE_STATE" />
16-->src\main\AndroidManifest.xml:13:3-89
16-->src\main\AndroidManifest.xml:13:20-70
17    <uses-permission android:name="android.permission.ACCESS_WIFI_STATE" />
17-->src\main\AndroidManifest.xml:14:2-89
17-->src\main\AndroidManifest.xml:14:19-70
18
19    <application
19-->src\main\AndroidManifest.xml:16:5-45:19
20        android:name="cn.elijah.biblehelper.Config"
20-->src\main\AndroidManifest.xml:19:9-52
21        android:appComponentFactory="androidx.core.app.CoreComponentFactory"
21-->[androidx.core:core:1.3.0] AndroidManifest.xml:24:18-86
22        android:icon="@drawable/ic_launcher"
22-->src\main\AndroidManifest.xml:17:9-45
23        android:label="@string/app_name" >
23-->src\main\AndroidManifest.xml:18:9-41
24        <activity
24-->src\main\AndroidManifest.xml:20:9-32:20
25            android:name="cn.elijah.biblehelper.AppStartActivity"
25-->src\main\AndroidManifest.xml:22:13-45
26            android:configChanges="orientation|keyboard"
26-->src\main\AndroidManifest.xml:24:13-57
27            android:exported="true"
27-->src\main\AndroidManifest.xml:25:13-36
28            android:screenOrientation="portrait"
28-->src\main\AndroidManifest.xml:21:13-49
29            android:theme="@style/Anim_style2" >
29-->src\main\AndroidManifest.xml:23:13-47
30            <intent-filter>
30-->src\main\AndroidManifest.xml:27:13-31:29
31                <action android:name="android.intent.action.MAIN" />
31-->src\main\AndroidManifest.xml:28:17-69
31-->src\main\AndroidManifest.xml:28:25-66
32
33                <category android:name="android.intent.category.LAUNCHER" />
33-->src\main\AndroidManifest.xml:30:17-77
33-->src\main\AndroidManifest.xml:30:27-74
34            </intent-filter>
35        </activity>
36        <activity
36-->src\main\AndroidManifest.xml:34:9-160
37            android:name="cn.elijah.biblehelper.MainActivity"
37-->src\main\AndroidManifest.xml:34:19-47
38            android:configChanges="orientation|keyboardHidden"
38-->src\main\AndroidManifest.xml:34:83-133
39            android:exported="false"
39-->src\main\AndroidManifest.xml:34:134-158
40            android:theme="@style/Anim_style2" />
40-->src\main\AndroidManifest.xml:34:48-82
41        <activity
41-->src\main\AndroidManifest.xml:35:9-166
42            android:name="cn.elijah.biblehelper.Main_Tab_Readbible"
42-->src\main\AndroidManifest.xml:35:19-53
43            android:configChanges="orientation|keyboardHidden"
43-->src\main\AndroidManifest.xml:35:89-139
44            android:exported="false"
44-->src\main\AndroidManifest.xml:35:140-164
45            android:theme="@style/Anim_style2" />
45-->src\main\AndroidManifest.xml:35:54-88
46        <activity
46-->src\main\AndroidManifest.xml:36:9-169
47            android:name="cn.elijah.biblehelper.Main_Tab_AD"
47-->src\main\AndroidManifest.xml:36:19-46
48            android:configChanges="orientation|keyboardHidden"
48-->src\main\AndroidManifest.xml:36:82-132
49            android:exported="false"
49-->src\main\AndroidManifest.xml:36:133-157
50            android:theme="@style/Anim_style2" />
50-->src\main\AndroidManifest.xml:36:47-81
51        <activity
51-->src\main\AndroidManifest.xml:37:9-174
52            android:name="cn.elijah.biblehelper.Main_Tab_History"
52-->src\main\AndroidManifest.xml:37:19-51
53            android:configChanges="orientation|keyboardHidden"
53-->src\main\AndroidManifest.xml:37:87-137
54            android:exported="false"
54-->src\main\AndroidManifest.xml:37:138-162
55            android:theme="@style/Anim_style2" />
55-->src\main\AndroidManifest.xml:37:52-86
56        <activity
56-->src\main\AndroidManifest.xml:38:9-173
57            android:name="cn.elijah.biblehelper.Main_Tab_Config"
57-->src\main\AndroidManifest.xml:38:19-50
58            android:configChanges="orientation|keyboardHidden"
58-->src\main\AndroidManifest.xml:38:86-136
59            android:exported="false"
59-->src\main\AndroidManifest.xml:38:137-161
60            android:theme="@style/Anim_style2" />
60-->src\main\AndroidManifest.xml:38:51-85
61        <activity
61-->src\main\AndroidManifest.xml:39:9-180
62            android:name="cn.elijah.biblehelper.SelectVolumeAndChapter"
62-->src\main\AndroidManifest.xml:39:19-57
63            android:configChanges="orientation|keyboardHidden"
63-->src\main\AndroidManifest.xml:39:93-143
64            android:exported="false"
64-->src\main\AndroidManifest.xml:39:144-168
65            android:theme="@style/Anim_style2" />
65-->src\main\AndroidManifest.xml:39:58-92
66        <activity
66-->src\main\AndroidManifest.xml:40:9-176
67            android:name="cn.elijah.biblehelper.VoicePanelActivity"
67-->src\main\AndroidManifest.xml:40:19-53
68            android:configChanges="orientation|keyboardHidden"
68-->src\main\AndroidManifest.xml:40:89-139
69            android:exported="false"
69-->src\main\AndroidManifest.xml:40:140-164
70            android:theme="@style/Anim_style2" />
70-->src\main\AndroidManifest.xml:40:54-88
71        <activity
71-->src\main\AndroidManifest.xml:41:9-177
72            android:name="cn.elijah.biblehelper.SearchBibleActivity"
72-->src\main\AndroidManifest.xml:41:19-54
73            android:configChanges="orientation|keyboardHidden"
73-->src\main\AndroidManifest.xml:41:90-140
74            android:exported="false"
74-->src\main\AndroidManifest.xml:41:141-165
75            android:theme="@style/Anim_style2" />
75-->src\main\AndroidManifest.xml:41:55-89
76        <activity
76-->src\main\AndroidManifest.xml:42:9-174
77            android:name="cn.elijah.biblehelper.BookmarkActivity"
77-->src\main\AndroidManifest.xml:42:19-51
78            android:configChanges="orientation|keyboardHidden"
78-->src\main\AndroidManifest.xml:42:87-137
79            android:exported="false"
79-->src\main\AndroidManifest.xml:42:138-162
80            android:theme="@style/Anim_style2" />
80-->src\main\AndroidManifest.xml:42:52-86
81    </application>
82
83</manifest>